Using pre-set license

 COMMAND LINE ARGUMENTS:
/Applications/Unity/Hub/Editor/2020.3.11f1/Unity.app/Contents/MacOS/Unity
-adb2
-batchMode
-noUpm
-name
AssetImportWorker0
-projectPath
/Users/patrickoetterli/Projects/GMTKgj21/GMTKgj21
-logFile
Logs/AssetImportWorker0.log
-srvPort
60223
Successfully changed project path to: /Users/patrickoetterli/Projects/GMTKgj21/GMTKgj21
/Users/patrickoetterli/Projects/GMTKgj21/GMTKgj21
Using Asset Import Pipeline V2.
Refreshing native plugins compatible for Editor in 41.91 ms, found 1 plugins.
Preloading 0 native plugins for Editor in 0.00 ms.
Initialize engine version: 2020.3.11f1 (99c7afb366b3)
[Subsystems] Discovering subsystems at path /Applications/Unity/Hub/Editor/2020.3.11f1/Unity.app/Contents/Resources/UnitySubsystems
[Subsystems] Discovering subsystems at path /Users/patrickoetterli/Projects/GMTKgj21/GMTKgj21/Assets
GfxDevice: creating device client; threaded=0
2021-06-12 23:51:58.476 Unity[26357:891821] LU28R55 preferred device: Intel Iris Pro Graphics (low power)
2021-06-12 23:51:58.476 Unity[26357:891821] Metal devices available: 1
2021-06-12 23:51:58.477 Unity[26357:891821] 0: Intel Iris Pro Graphics (low power)
2021-06-12 23:51:58.477 Unity[26357:891821] Using device Intel Iris Pro Graphics (low power)
Initializing Metal device caps: Intel Iris Pro Graphics
Initialize mono
Mono path[0] = '/Applications/Unity/Hub/Editor/2020.3.11f1/Unity.app/Contents/Managed'
Mono path[1] = '/Applications/Unity/Hub/Editor/2020.3.11f1/Unity.app/Contents/MonoBleedingEdge/lib/mono/unityjit'
Mono config path = '/Applications/Unity/Hub/Editor/2020.3.11f1/Unity.app/Contents/MonoBleedingEdge/etc'
Using monoOptions --debugger-agent=transport=dt_socket,embedding=1,server=y,suspend=n,address=127.0.0.1:56357
Begin MonoManager ReloadAssembly
Registering precompiled unity dll's ...
Register platform support module: /Applications/Unity/Hub/Editor/2020.3.11f1/PlaybackEngines/WebGLSupport/UnityEditor.WebGL.Extensions.dll
Register platform support module: /Applications/Unity/Hub/Editor/2020.3.11f1/Unity.app/Contents/PlaybackEngines/MacStandaloneSupport/UnityEditor.OSXStandalone.Extensions.dll
Register platform support module: /Applications/Unity/Hub/Editor/2020.3.11f1/PlaybackEngines/WindowsStandaloneSupport/UnityEditor.WindowsStandalone.Extensions.dll
Registered in 0.001113 seconds.
Native extension for WindowsStandalone target not found
Native extension for OSXStandalone target not found
Native extension for WebGL target not found
Refreshing native plugins compatible for Editor in 43.12 ms, found 1 plugins.
Preloading 0 native plugins for Editor in 0.00 ms.
Mono: successfully reloaded assembly
- Completed reload, in  3.987 seconds
Platform modules already initialized, skipping
Registering precompiled user dll's ...
Registered in 0.000718 seconds.
Begin MonoManager ReloadAssembly
Native extension for WindowsStandalone target not found
Native extension for OSXStandalone target not found
Native extension for WebGL target not found
Refreshing native plugins compatible for Editor in 0.40 ms, found 1 plugins.
Preloading 0 native plugins for Editor in 0.00 ms.
Mono: successfully reloaded assembly
- Completed reload, in  1.367 seconds
Platform modules already initialized, skipping
========================================================================
Worker process is ready to serve import requests
Launching external process: /Applications/Unity/Hub/Editor/2020.3.11f1/Unity.app/Contents/Tools/UnityShaderCompiler
Launched and connected shader compiler UnityShaderCompiler after 0.02 seconds
Refreshing native plugins compatible for Editor in 0.45 ms, found 1 plugins.
Preloading 0 native plugins for Editor in 0.00 ms.
Unloading 1442 Unused Serialized files (Serialized files now loaded: 0)
System memory in use before: 140.3 MB.
System memory in use after: 140.4 MB.

Unloading 14 unused Assets to reduce memory usage. Loaded Objects now: 1893.
Total: 2.582335 ms (FindLiveObjects: 0.246985 ms CreateObjectMapping: 0.125965 ms MarkObjects: 2.101409 ms  DeleteObjects: 0.106718 ms)

========================================================================
Received Import Request.
  path: Assets/Prefabs/Characters/TempPlayer.prefab
  artifactKey: Guid(e5316cc04ff7ee04899971448dae3611) Importer(815301076,1909f56bfc062723c751e8b465ee728b)
Start importing Assets/Prefabs/Characters/TempPlayer.prefab using Guid(e5316cc04ff7ee04899971448dae3611) Importer(815301076,1909f56bfc062723c751e8b465ee728b)  -> (artifact id: '2a551af11480eae5afe05505e3409b7e') in 1.447093 seconds
  Import took 1.451502 seconds .

========================================================================
Received Import Request.
  Time since last request: 3.277882 seconds.
  path: Assets/Prefabs/Characters/TempEnemy.prefab
  artifactKey: Guid(92bb8cfef6bac7940981849cad831671) Importer(815301076,1909f56bfc062723c751e8b465ee728b)
Start importing Assets/Prefabs/Characters/TempEnemy.prefab using Guid(92bb8cfef6bac7940981849cad831671) Importer(815301076,1909f56bfc062723c751e8b465ee728b)  -> (artifact id: '7bb77b6452928f58fc5b2f8dd6c76fc4') in 0.104696 seconds
  Import took 0.113093 seconds .

========================================================================
Received Prepare
Registering precompiled user dll's ...
Registered in 0.000873 seconds.
Begin MonoManager ReloadAssembly
Native extension for WindowsStandalone target not found
Native extension for OSXStandalone target not found
Native extension for WebGL target not found
Refreshing native plugins compatible for Editor in 0.39 ms, found 1 plugins.
Preloading 0 native plugins for Editor in 0.00 ms.
Mono: successfully reloaded assembly
- Completed reload, in  1.241 seconds
Platform modules already initialized, skipping
Refreshing native plugins compatible for Editor in 0.45 ms, found 1 plugins.
Preloading 0 native plugins for Editor in 0.00 ms.
Unloading 1391 Unused Serialized files (Serialized files now loaded: 0)
System memory in use before: 144.1 MB.
System memory in use after: 144.2 MB.

Unloading 6 unused Assets to reduce memory usage. Loaded Objects now: 1906.
Total: 2.987946 ms (FindLiveObjects: 0.263526 ms CreateObjectMapping: 0.143419 ms MarkObjects: 2.517502 ms  DeleteObjects: 0.062281 ms)

========================================================================
Received Import Request.
  Time since last request: 39.184411 seconds.
  path: Assets/Prefabs/Characters
  artifactKey: Guid(b303ca0d461882b4091be3e14c37fe32) Importer(815301076,1909f56bfc062723c751e8b465ee728b)
Start importing Assets/Prefabs/Characters using Guid(b303ca0d461882b4091be3e14c37fe32) Importer(815301076,1909f56bfc062723c751e8b465ee728b)  -> (artifact id: '3883d4cd92acdbf65a8e1f83c12a7ce3') in 0.006513 seconds
  Import took 0.012688 seconds .

========================================================================
Received Prepare
Registering precompiled user dll's ...
Registered in 0.003634 seconds.
Begin MonoManager ReloadAssembly
Native extension for WindowsStandalone target not found
Native extension for OSXStandalone target not found
Native extension for WebGL target not found
Refreshing native plugins compatible for Editor in 0.51 ms, found 1 plugins.
Preloading 0 native plugins for Editor in 0.00 ms.
Mono: successfully reloaded assembly
- Completed reload, in  2.021 seconds
Platform modules already initialized, skipping
Refreshing native plugins compatible for Editor in 0.48 ms, found 1 plugins.
Preloading 0 native plugins for Editor in 0.00 ms.
Unloading 1391 Unused Serialized files (Serialized files now loaded: 0)
System memory in use before: 144.4 MB.
System memory in use after: 144.5 MB.

Unloading 6 unused Assets to reduce memory usage. Loaded Objects now: 1909.
Total: 3.112327 ms (FindLiveObjects: 0.279601 ms CreateObjectMapping: 0.185588 ms MarkObjects: 2.531162 ms  DeleteObjects: 0.114030 ms)

========================================================================
Received Import Request.
  Time since last request: 305.117706 seconds.
  path: Assets/Prefabs/Materials/TempFloorColor.mat
  artifactKey: Guid(46b749910832fd94da653610d1a29c41) Importer(815301076,1909f56bfc062723c751e8b465ee728b)
Start importing Assets/Prefabs/Materials/TempFloorColor.mat using Guid(46b749910832fd94da653610d1a29c41) Importer(815301076,1909f56bfc062723c751e8b465ee728b)  -> (artifact id: '59b53b3a1662bba7586c7e5f3bbdc193') in 0.463252 seconds
  Import took 0.467071 seconds .

========================================================================
Received Import Request.
  Time since last request: 0.000263 seconds.
  path: Assets/Prefabs/Materials/Wire.mat
  artifactKey: Guid(b58e66fae12340f4586cdf3b0aec9eab) Importer(815301076,1909f56bfc062723c751e8b465ee728b)
Start importing Assets/Prefabs/Materials/Wire.mat using Guid(b58e66fae12340f4586cdf3b0aec9eab) Importer(815301076,1909f56bfc062723c751e8b465ee728b)  -> (artifact id: 'fc5074d4556dbd52c061b9c4664d2643') in 0.015435 seconds
  Import took 0.018616 seconds .

========================================================================
Received Import Request.
  Time since last request: 0.000288 seconds.
  path: Assets/Prefabs/Materials/TempReticle.mat
  artifactKey: Guid(9c4b3fefcfac8fe489ed83127a3ae9e3) Importer(815301076,1909f56bfc062723c751e8b465ee728b)
Start importing Assets/Prefabs/Materials/TempReticle.mat using Guid(9c4b3fefcfac8fe489ed83127a3ae9e3) Importer(815301076,1909f56bfc062723c751e8b465ee728b)  -> (artifact id: '6c0eafaa1f63665e7faf5601b0805850') in 0.061468 seconds
  Import took 0.065781 seconds .

========================================================================
Received Import Request.
  Time since last request: 11.438861 seconds.
  path: Assets/Prefabs/Characters/TempEnemy.prefab
  artifactKey: Guid(92bb8cfef6bac7940981849cad831671) Importer(815301076,1909f56bfc062723c751e8b465ee728b)
Start importing Assets/Prefabs/Characters/TempEnemy.prefab using Guid(92bb8cfef6bac7940981849cad831671) Importer(815301076,1909f56bfc062723c751e8b465ee728b)  -> (artifact id: '9116932b6c1883a3bd765ac5d718eca2') in 0.110811 seconds
  Import took 0.115014 seconds .

========================================================================
Received Import Request.
  Time since last request: 9.321015 seconds.
  path: Assets/Prefabs/Characters/TempEnemy.prefab
  artifactKey: Guid(92bb8cfef6bac7940981849cad831671) Importer(815301076,1909f56bfc062723c751e8b465ee728b)
Start importing Assets/Prefabs/Characters/TempEnemy.prefab using Guid(92bb8cfef6bac7940981849cad831671) Importer(815301076,1909f56bfc062723c751e8b465ee728b)  -> (artifact id: '171fd938a504580cab9dd5f3dbd5c933') in 0.093413 seconds
  Import took 0.097600 seconds .

========================================================================
Received Prepare
Registering precompiled user dll's ...
Registered in 0.000877 seconds.
Begin MonoManager ReloadAssembly
Native extension for WindowsStandalone target not found
Native extension for OSXStandalone target not found
Native extension for WebGL target not found
Refreshing native plugins compatible for Editor in 0.40 ms, found 1 plugins.
Preloading 0 native plugins for Editor in 0.00 ms.
Mono: successfully reloaded assembly
- Completed reload, in  1.346 seconds
Platform modules already initialized, skipping
Refreshing native plugins compatible for Editor in 0.38 ms, found 1 plugins.
Preloading 0 native plugins for Editor in 0.00 ms.
Unloading 1391 Unused Serialized files (Serialized files now loaded: 0)
System memory in use before: 149.4 MB.
System memory in use after: 149.5 MB.

Unloading 6 unused Assets to reduce memory usage. Loaded Objects now: 1946.
Total: 2.573966 ms (FindLiveObjects: 0.243577 ms CreateObjectMapping: 0.110639 ms MarkObjects: 2.154196 ms  DeleteObjects: 0.064164 ms)

========================================================================
Received Prepare
Registering precompiled user dll's ...
Registered in 0.001217 seconds.
Begin MonoManager ReloadAssembly
Native extension for WindowsStandalone target not found
Native extension for OSXStandalone target not found
Native extension for WebGL target not found
Refreshing native plugins compatible for Editor in 0.41 ms, found 1 plugins.
Preloading 0 native plugins for Editor in 0.00 ms.
Mono: successfully reloaded assembly
- Completed reload, in  1.203 seconds
Platform modules already initialized, skipping
Refreshing native plugins compatible for Editor in 0.39 ms, found 1 plugins.
Preloading 0 native plugins for Editor in 0.00 ms.
Unloading 1391 Unused Serialized files (Serialized files now loaded: 0)
System memory in use before: 149.7 MB.
System memory in use after: 149.8 MB.

Unloading 6 unused Assets to reduce memory usage. Loaded Objects now: 1949.
Total: 2.548761 ms (FindLiveObjects: 0.333812 ms CreateObjectMapping: 0.118156 ms MarkObjects: 2.033314 ms  DeleteObjects: 0.062271 ms)

========================================================================
Received Prepare
Registering precompiled user dll's ...
Registered in 0.000697 seconds.
Begin MonoManager ReloadAssembly
Native extension for WindowsStandalone target not found
Native extension for OSXStandalone target not found
Native extension for WebGL target not found
Refreshing native plugins compatible for Editor in 0.40 ms, found 1 plugins.
Preloading 0 native plugins for Editor in 0.00 ms.
Mono: successfully reloaded assembly
- Completed reload, in  1.218 seconds
Platform modules already initialized, skipping
Refreshing native plugins compatible for Editor in 0.39 ms, found 1 plugins.
Preloading 0 native plugins for Editor in 0.00 ms.
Unloading 1391 Unused Serialized files (Serialized files now loaded: 0)
System memory in use before: 150.0 MB.
System memory in use after: 150.1 MB.

Unloading 6 unused Assets to reduce memory usage. Loaded Objects now: 1952.
Total: 2.387109 ms (FindLiveObjects: 0.226944 ms CreateObjectMapping: 0.110534 ms MarkObjects: 1.983051 ms  DeleteObjects: 0.065464 ms)

========================================================================
Received Prepare
Registering precompiled user dll's ...
Registered in 0.000782 seconds.
Begin MonoManager ReloadAssembly
Native extension for WindowsStandalone target not found
Native extension for OSXStandalone target not found
Native extension for WebGL target not found
Refreshing native plugins compatible for Editor in 0.41 ms, found 1 plugins.
Preloading 0 native plugins for Editor in 0.00 ms.
Mono: successfully reloaded assembly
- Completed reload, in  1.235 seconds
Platform modules already initialized, skipping
Refreshing native plugins compatible for Editor in 0.40 ms, found 1 plugins.
Preloading 0 native plugins for Editor in 0.00 ms.
Unloading 1391 Unused Serialized files (Serialized files now loaded: 0)
System memory in use before: 150.3 MB.
System memory in use after: 150.4 MB.

Unloading 6 unused Assets to reduce memory usage. Loaded Objects now: 1955.
Total: 2.353857 ms (FindLiveObjects: 0.232316 ms CreateObjectMapping: 0.109459 ms MarkObjects: 1.948269 ms  DeleteObjects: 0.062410 ms)

