Using pre-set license

 COMMAND LINE ARGUMENTS:
/Applications/Unity/Hub/Editor/2020.3.11f1/Unity.app/Contents/MacOS/Unity
-adb2
-batchMode
-noUpm
-name
AssetImportWorker0
-projectPath
/Users/patrickoetterli/Projects/GMTKgj21/GMTKgj21
-logFile
Logs/AssetImportWorker0.log
-srvPort
50083
Successfully changed project path to: /Users/patrickoetterli/Projects/GMTKgj21/GMTKgj21
/Users/patrickoetterli/Projects/GMTKgj21/GMTKgj21
Using Asset Import Pipeline V2.
Refreshing native plugins compatible for Editor in 48.45 ms, found 1 plugins.
Preloading 0 native plugins for Editor in 0.00 ms.
Initialize engine version: 2020.3.11f1 (99c7afb366b3)
[Subsystems] Discovering subsystems at path /Applications/Unity/Hub/Editor/2020.3.11f1/Unity.app/Contents/Resources/UnitySubsystems
[Subsystems] Discovering subsystems at path /Users/patrickoetterli/Projects/GMTKgj21/GMTKgj21/Assets
GfxDevice: creating device client; threaded=0
2021-06-13 12:22:36.441 Unity[1949:65143] LU28R55 preferred device: Intel Iris Pro Graphics (low power)
2021-06-13 12:22:36.441 Unity[1949:65143] Metal devices available: 1
2021-06-13 12:22:36.441 Unity[1949:65143] 0: Intel Iris Pro Graphics (low power)
2021-06-13 12:22:36.441 Unity[1949:65143] Using device Intel Iris Pro Graphics (low power)
Initializing Metal device caps: Intel Iris Pro Graphics
Initialize mono
Mono path[0] = '/Applications/Unity/Hub/Editor/2020.3.11f1/Unity.app/Contents/Managed'
Mono path[1] = '/Applications/Unity/Hub/Editor/2020.3.11f1/Unity.app/Contents/MonoBleedingEdge/lib/mono/unityjit'
Mono config path = '/Applications/Unity/Hub/Editor/2020.3.11f1/Unity.app/Contents/MonoBleedingEdge/etc'
Using monoOptions --debugger-agent=transport=dt_socket,embedding=1,server=y,suspend=n,address=127.0.0.1:56949
Begin MonoManager ReloadAssembly
Registering precompiled unity dll's ...
Register platform support module: /Applications/Unity/Hub/Editor/2020.3.11f1/PlaybackEngines/WebGLSupport/UnityEditor.WebGL.Extensions.dll
Register platform support module: /Applications/Unity/Hub/Editor/2020.3.11f1/Unity.app/Contents/PlaybackEngines/MacStandaloneSupport/UnityEditor.OSXStandalone.Extensions.dll
Register platform support module: /Applications/Unity/Hub/Editor/2020.3.11f1/PlaybackEngines/WindowsStandaloneSupport/UnityEditor.WindowsStandalone.Extensions.dll
Registered in 0.003149 seconds.
Native extension for WindowsStandalone target not found
Native extension for OSXStandalone target not found
Native extension for WebGL target not found
Refreshing native plugins compatible for Editor in 45.33 ms, found 1 plugins.
Preloading 0 native plugins for Editor in 0.00 ms.
Mono: successfully reloaded assembly
- Completed reload, in  4.598 seconds
Platform modules already initialized, skipping
Registering precompiled user dll's ...
Registered in 0.001662 seconds.
Begin MonoManager ReloadAssembly
Native extension for WindowsStandalone target not found
Native extension for OSXStandalone target not found
Native extension for WebGL target not found
Refreshing native plugins compatible for Editor in 1.00 ms, found 1 plugins.
Preloading 0 native plugins for Editor in 0.00 ms.
Mono: successfully reloaded assembly
- Completed reload, in  2.176 seconds
Platform modules already initialized, skipping
========================================================================
Worker process is ready to serve import requests
Launching external process: /Applications/Unity/Hub/Editor/2020.3.11f1/Unity.app/Contents/Tools/UnityShaderCompiler
Launched and connected shader compiler UnityShaderCompiler after 0.04 seconds
Refreshing native plugins compatible for Editor in 1.09 ms, found 1 plugins.
Preloading 0 native plugins for Editor in 0.00 ms.
Unloading 1442 Unused Serialized files (Serialized files now loaded: 0)
System memory in use before: 140.3 MB.
System memory in use after: 140.4 MB.

Unloading 14 unused Assets to reduce memory usage. Loaded Objects now: 1893.
Total: 3.842762 ms (FindLiveObjects: 0.219629 ms CreateObjectMapping: 0.063601 ms MarkObjects: 3.355317 ms  DeleteObjects: 0.202695 ms)

========================================================================
Received Import Request.
  path: Assets/Prefabs/Characters/TempEnemy.prefab
  artifactKey: Guid(92bb8cfef6bac7940981849cad831671) Importer(815301076,1909f56bfc062723c751e8b465ee728b)
Start importing Assets/Prefabs/Characters/TempEnemy.prefab using Guid(92bb8cfef6bac7940981849cad831671) Importer(815301076,1909f56bfc062723c751e8b465ee728b)  -> (artifact id: '0d8e53f7e2f31fb7bb6d421303a888b1') in 2.070715 seconds
  Import took 2.076665 seconds .

========================================================================
Received Prepare
Registering precompiled user dll's ...
Registered in 0.000738 seconds.
Begin MonoManager ReloadAssembly
Native extension for WindowsStandalone target not found
Native extension for OSXStandalone target not found
Native extension for WebGL target not found
Refreshing native plugins compatible for Editor in 0.69 ms, found 1 plugins.
Preloading 0 native plugins for Editor in 0.00 ms.
Mono: successfully reloaded assembly
- Completed reload, in  1.279 seconds
Platform modules already initialized, skipping
Refreshing native plugins compatible for Editor in 0.38 ms, found 1 plugins.
Preloading 0 native plugins for Editor in 0.00 ms.
Unloading 1391 Unused Serialized files (Serialized files now loaded: 0)
System memory in use before: 144.5 MB.
System memory in use after: 144.6 MB.

Unloading 6 unused Assets to reduce memory usage. Loaded Objects now: 1903.
Total: 2.142581 ms (FindLiveObjects: 0.230921 ms CreateObjectMapping: 0.069395 ms MarkObjects: 1.777196 ms  DeleteObjects: 0.064118 ms)

========================================================================
Received Import Request.
  Time since last request: 41.997746 seconds.
  path: Assets/Prefabs/Characters/TempEnemy.prefab
  artifactKey: Guid(92bb8cfef6bac7940981849cad831671) Importer(815301076,1909f56bfc062723c751e8b465ee728b)
Start importing Assets/Prefabs/Characters/TempEnemy.prefab using Guid(92bb8cfef6bac7940981849cad831671) Importer(815301076,1909f56bfc062723c751e8b465ee728b)  -> (artifact id: '06691a117c46374ee0f206f3bb787f37') in 0.090437 seconds
  Import took 0.094864 seconds .

========================================================================
Received Import Request.
  Time since last request: 0.078150 seconds.
  path: Assets/Prefabs/Characters/TempEnemy.prefab
  artifactKey: Guid(92bb8cfef6bac7940981849cad831671) Importer(815301076,1909f56bfc062723c751e8b465ee728b)
Start importing Assets/Prefabs/Characters/TempEnemy.prefab using Guid(92bb8cfef6bac7940981849cad831671) Importer(815301076,1909f56bfc062723c751e8b465ee728b)  -> (artifact id: '06691a117c46374ee0f206f3bb787f37') in 0.012741 seconds
  Import took 0.016661 seconds .

========================================================================
Received Prepare
Registering precompiled user dll's ...
Registered in 0.000788 seconds.
Begin MonoManager ReloadAssembly
Native extension for WindowsStandalone target not found
Native extension for OSXStandalone target not found
Native extension for WebGL target not found
Refreshing native plugins compatible for Editor in 0.43 ms, found 1 plugins.
Preloading 0 native plugins for Editor in 0.00 ms.
Mono: successfully reloaded assembly
- Completed reload, in  1.213 seconds
Platform modules already initialized, skipping
Refreshing native plugins compatible for Editor in 0.38 ms, found 1 plugins.
Preloading 0 native plugins for Editor in 0.00 ms.
Unloading 1391 Unused Serialized files (Serialized files now loaded: 0)
System memory in use before: 144.9 MB.
System memory in use after: 145.0 MB.

Unloading 6 unused Assets to reduce memory usage. Loaded Objects now: 1907.
Total: 2.352410 ms (FindLiveObjects: 0.276248 ms CreateObjectMapping: 0.073013 ms MarkObjects: 1.943319 ms  DeleteObjects: 0.058671 ms)

========================================================================
Received Prepare
Registering precompiled user dll's ...
Registered in 0.002017 seconds.
Begin MonoManager ReloadAssembly
Native extension for WindowsStandalone target not found
Native extension for OSXStandalone target not found
Native extension for WebGL target not found
Refreshing native plugins compatible for Editor in 0.36 ms, found 1 plugins.
Preloading 0 native plugins for Editor in 0.00 ms.
Mono: successfully reloaded assembly
- Completed reload, in  1.252 seconds
Platform modules already initialized, skipping
Refreshing native plugins compatible for Editor in 0.40 ms, found 1 plugins.
Preloading 0 native plugins for Editor in 0.00 ms.
Unloading 1391 Unused Serialized files (Serialized files now loaded: 0)
System memory in use before: 145.2 MB.
System memory in use after: 145.3 MB.

Unloading 6 unused Assets to reduce memory usage. Loaded Objects now: 1910.
Total: 2.034266 ms (FindLiveObjects: 0.224387 ms CreateObjectMapping: 0.054852 ms MarkObjects: 1.695635 ms  DeleteObjects: 0.058155 ms)

========================================================================
Received Import Request.
  Time since last request: 138.256807 seconds.
  path: Assets/Scenes/Game/NavMesh-NavMesh Surface.asset
  artifactKey: Guid(7db439c5422d441de918d56cc0df2bf7) Importer(815301076,1909f56bfc062723c751e8b465ee728b)
Start importing Assets/Scenes/Game/NavMesh-NavMesh Surface.asset using Guid(7db439c5422d441de918d56cc0df2bf7) Importer(815301076,1909f56bfc062723c751e8b465ee728b)  -> (artifact id: '2c9d57934310405391f7c1fc91dccdb9') in 0.379623 seconds
  Import took 0.383395 seconds .

========================================================================
Received Import Request.
  Time since last request: 0.000242 seconds.
  path: Assets/Scenes/Game/NavMesh.asset
  artifactKey: Guid(e776e25b4082c8147ace8a01442bb185) Importer(815301076,1909f56bfc062723c751e8b465ee728b)
Start importing Assets/Scenes/Game/NavMesh.asset using Guid(e776e25b4082c8147ace8a01442bb185) Importer(815301076,1909f56bfc062723c751e8b465ee728b)  -> (artifact id: 'ce2ec11d1a53fc98782ddb013f4db8ac') in 0.004619 seconds
  Import took 0.006937 seconds .

========================================================================
Received Import Request.
  Time since last request: 0.780686 seconds.
  path: Assets/Prefabs/Characters/gameplay_theme_demo.mp3
  artifactKey: Guid(05fc3584412a62243afe2ff1c200dd8c) Importer(815301076,1909f56bfc062723c751e8b465ee728b)
Start importing Assets/Prefabs/Characters/gameplay_theme_demo.mp3 using Guid(05fc3584412a62243afe2ff1c200dd8c) Importer(815301076,1909f56bfc062723c751e8b465ee728b)  -> (artifact id: '8e93d6faacc26ef1ff21872770bbb9ad') in 1.293548 seconds
  Import took 1.297307 seconds .

========================================================================
Received Import Request.
  Time since last request: 0.000258 seconds.
  path: Assets/Prefabs/Materials/Wire.mat
  artifactKey: Guid(b58e66fae12340f4586cdf3b0aec9eab) Importer(815301076,1909f56bfc062723c751e8b465ee728b)
Start importing Assets/Prefabs/Materials/Wire.mat using Guid(b58e66fae12340f4586cdf3b0aec9eab) Importer(815301076,1909f56bfc062723c751e8b465ee728b)  -> (artifact id: 'fc5074d4556dbd52c061b9c4664d2643') in 0.308872 seconds
  Import took 0.312744 seconds .

========================================================================
Received Import Request.
  Time since last request: 0.000323 seconds.
  path: Assets/Prefabs/Characters/TempWire.prefab
  artifactKey: Guid(58f4fa5df77972e45be2fc4be50017d0) Importer(815301076,1909f56bfc062723c751e8b465ee728b)
Start importing Assets/Prefabs/Characters/TempWire.prefab using Guid(58f4fa5df77972e45be2fc4be50017d0) Importer(815301076,1909f56bfc062723c751e8b465ee728b)  -> (artifact id: 'a7068728959ec7df894b9cbd16406341') in 0.061822 seconds
  Import took 0.066411 seconds .

========================================================================
Received Import Request.
  Time since last request: 0.000514 seconds.
  path: Assets/Prefabs/Materials/TempFloorColor.mat
  artifactKey: Guid(46b749910832fd94da653610d1a29c41) Importer(815301076,1909f56bfc062723c751e8b465ee728b)
Start importing Assets/Prefabs/Materials/TempFloorColor.mat using Guid(46b749910832fd94da653610d1a29c41) Importer(815301076,1909f56bfc062723c751e8b465ee728b)  -> (artifact id: '59b53b3a1662bba7586c7e5f3bbdc193') in 0.040668 seconds
  Import took 0.047550 seconds .

========================================================================
Received Import Request.
  Time since last request: 0.000390 seconds.
  path: Assets/Prefabs/Characters/TempPlayer.prefab
  artifactKey: Guid(e5316cc04ff7ee04899971448dae3611) Importer(815301076,1909f56bfc062723c751e8b465ee728b)
Start importing Assets/Prefabs/Characters/TempPlayer.prefab using Guid(e5316cc04ff7ee04899971448dae3611) Importer(815301076,1909f56bfc062723c751e8b465ee728b)  -> (artifact id: '2d9c9e6bd986488159b4d42b5080d210') in 0.073056 seconds
  Import took 0.078541 seconds .

========================================================================
Received Import Request.
  Time since last request: 0.000562 seconds.
  path: Assets/Prefabs/Materials/TempReticle.mat
  artifactKey: Guid(9c4b3fefcfac8fe489ed83127a3ae9e3) Importer(815301076,1909f56bfc062723c751e8b465ee728b)
Start importing Assets/Prefabs/Materials/TempReticle.mat using Guid(9c4b3fefcfac8fe489ed83127a3ae9e3) Importer(815301076,1909f56bfc062723c751e8b465ee728b)  -> (artifact id: '6c0eafaa1f63665e7faf5601b0805850') in 0.032221 seconds
  Import took 0.037262 seconds .

========================================================================
Received Import Request.
  Time since last request: 0.000325 seconds.
  path: Assets/Prefabs/Characters/TempTurretBase.prefab
  artifactKey: Guid(8ab56423ca50ce84ba4013677406ead7) Importer(815301076,1909f56bfc062723c751e8b465ee728b)
Start importing Assets/Prefabs/Characters/TempTurretBase.prefab using Guid(8ab56423ca50ce84ba4013677406ead7) Importer(815301076,1909f56bfc062723c751e8b465ee728b)  -> (artifact id: 'fd3a207ffcb5c8d647836ce51ef08354') in 0.038670 seconds
  Import took 0.043159 seconds .

========================================================================
Received Import Request.
  Time since last request: 0.000256 seconds.
  path: Assets/Prefabs/Characters/LaserTurret.prefab
  artifactKey: Guid(5725691e55bdba445893067f44f47bf6) Importer(815301076,1909f56bfc062723c751e8b465ee728b)
Start importing Assets/Prefabs/Characters/LaserTurret.prefab using Guid(5725691e55bdba445893067f44f47bf6) Importer(815301076,1909f56bfc062723c751e8b465ee728b)  -> (artifact id: 'e9d346dfcc94f8cf1d12d7dd5f6309b9') in 0.054496 seconds
  Import took 0.062123 seconds .

========================================================================
Received Import Request.
  Time since last request: 19.326369 seconds.
  path: Assets/Prefabs/Characters/TempEnemy.prefab
  artifactKey: Guid(92bb8cfef6bac7940981849cad831671) Importer(815301076,1909f56bfc062723c751e8b465ee728b)
Start importing Assets/Prefabs/Characters/TempEnemy.prefab using Guid(92bb8cfef6bac7940981849cad831671) Importer(815301076,1909f56bfc062723c751e8b465ee728b)  -> (artifact id: '003dee1375554000ca452a804fcae955') in 0.027697 seconds
  Import took 0.034132 seconds .

========================================================================
Received Import Request.
  Time since last request: 0.012328 seconds.
  path: Assets/Prefabs/Characters/TempEnemy.prefab
  artifactKey: Guid(92bb8cfef6bac7940981849cad831671) Importer(815301076,1909f56bfc062723c751e8b465ee728b)
Start importing Assets/Prefabs/Characters/TempEnemy.prefab using Guid(92bb8cfef6bac7940981849cad831671) Importer(815301076,1909f56bfc062723c751e8b465ee728b)  -> (artifact id: '003dee1375554000ca452a804fcae955') in 0.078737 seconds
  Import took 0.084397 seconds .

========================================================================
Received Prepare
Registering precompiled user dll's ...
Registered in 0.003187 seconds.
Begin MonoManager ReloadAssembly
Native extension for WindowsStandalone target not found
Native extension for OSXStandalone target not found
Native extension for WebGL target not found
Refreshing native plugins compatible for Editor in 0.37 ms, found 1 plugins.
Preloading 0 native plugins for Editor in 0.00 ms.
Mono: successfully reloaded assembly
- Completed reload, in  1.254 seconds
Platform modules already initialized, skipping
Refreshing native plugins compatible for Editor in 0.37 ms, found 1 plugins.
Preloading 0 native plugins for Editor in 0.00 ms.
Unloading 1391 Unused Serialized files (Serialized files now loaded: 0)
System memory in use before: 158.8 MB.
System memory in use after: 158.9 MB.

Unloading 8 unused Assets to reduce memory usage. Loaded Objects now: 1953.
Total: 2.054432 ms (FindLiveObjects: 0.255907 ms CreateObjectMapping: 0.060858 ms MarkObjects: 1.667198 ms  DeleteObjects: 0.069195 ms)

========================================================================
Received Prepare
Registering precompiled user dll's ...
Registered in 0.002669 seconds.
Begin MonoManager ReloadAssembly
Native extension for WindowsStandalone target not found
Native extension for OSXStandalone target not found
Native extension for WebGL target not found
Refreshing native plugins compatible for Editor in 1.72 ms, found 1 plugins.
Preloading 0 native plugins for Editor in 0.00 ms.
Mono: successfully reloaded assembly
- Completed reload, in  1.924 seconds
Platform modules already initialized, skipping
Refreshing native plugins compatible for Editor in 1.04 ms, found 1 plugins.
Preloading 0 native plugins for Editor in 0.00 ms.
Unloading 1391 Unused Serialized files (Serialized files now loaded: 0)
System memory in use before: 159.3 MB.
System memory in use after: 159.4 MB.

Unloading 6 unused Assets to reduce memory usage. Loaded Objects now: 1956.
Total: 4.029226 ms (FindLiveObjects: 0.417311 ms CreateObjectMapping: 0.214960 ms MarkObjects: 3.306796 ms  DeleteObjects: 0.088630 ms)

========================================================================
Received Import Request.
  Time since last request: 489.360313 seconds.
  path: Assets/Prefabs/GameController.prefab
  artifactKey: Guid(d58a18bfb8c814dc893403ef41126b00) Importer(815301076,1909f56bfc062723c751e8b465ee728b)
Start importing Assets/Prefabs/GameController.prefab using Guid(d58a18bfb8c814dc893403ef41126b00) Importer(815301076,1909f56bfc062723c751e8b465ee728b)  -> (artifact id: '7194e510e1dde85be0fb940c4a2ce620') in 0.041965 seconds
  Import took 0.045786 seconds .

========================================================================
Received Import Request.
  Time since last request: 5.250504 seconds.
  path: Assets/Prefabs
  artifactKey: Guid(3491a79a9fc287048bb7d3e765f4f26b) Importer(815301076,1909f56bfc062723c751e8b465ee728b)
Start importing Assets/Prefabs using Guid(3491a79a9fc287048bb7d3e765f4f26b) Importer(815301076,1909f56bfc062723c751e8b465ee728b)  -> (artifact id: '1c2bd510033d614963102035cb670423') in 0.001353 seconds
  Import took 0.005769 seconds .

========================================================================
Received Prepare
Registering precompiled user dll's ...
Registered in 0.000741 seconds.
Begin MonoManager ReloadAssembly
Native extension for WindowsStandalone target not found
Native extension for OSXStandalone target not found
Native extension for WebGL target not found
Refreshing native plugins compatible for Editor in 0.39 ms, found 1 plugins.
Preloading 0 native plugins for Editor in 0.00 ms.
Mono: successfully reloaded assembly
- Completed reload, in  1.245 seconds
Platform modules already initialized, skipping
Refreshing native plugins compatible for Editor in 0.51 ms, found 1 plugins.
Preloading 0 native plugins for Editor in 0.00 ms.
Unloading 1391 Unused Serialized files (Serialized files now loaded: 0)
System memory in use before: 159.7 MB.
System memory in use after: 159.7 MB.

Unloading 6 unused Assets to reduce memory usage. Loaded Objects now: 1959.
Total: 3.044420 ms (FindLiveObjects: 0.258518 ms CreateObjectMapping: 0.114470 ms MarkObjects: 2.594849 ms  DeleteObjects: 0.075457 ms)

========================================================================
Received Prepare
Registering precompiled user dll's ...
Registered in 0.000888 seconds.
Begin MonoManager ReloadAssembly
Native extension for WindowsStandalone target not found
Native extension for OSXStandalone target not found
Native extension for WebGL target not found
Refreshing native plugins compatible for Editor in 0.35 ms, found 1 plugins.
Preloading 0 native plugins for Editor in 0.00 ms.
Mono: successfully reloaded assembly
- Completed reload, in  1.256 seconds
Platform modules already initialized, skipping
Refreshing native plugins compatible for Editor in 0.48 ms, found 1 plugins.
Preloading 0 native plugins for Editor in 0.00 ms.
Unloading 1391 Unused Serialized files (Serialized files now loaded: 0)
System memory in use before: 159.9 MB.
System memory in use after: 160.0 MB.

Unloading 6 unused Assets to reduce memory usage. Loaded Objects now: 1962.
Total: 2.530843 ms (FindLiveObjects: 0.250130 ms CreateObjectMapping: 0.110283 ms MarkObjects: 2.107897 ms  DeleteObjects: 0.061578 ms)

========================================================================
Received Prepare
Registering precompiled user dll's ...
Registered in 0.001525 seconds.
Begin MonoManager ReloadAssembly
Native extension for WindowsStandalone target not found
Native extension for OSXStandalone target not found
Native extension for WebGL target not found
Refreshing native plugins compatible for Editor in 1.50 ms, found 1 plugins.
Preloading 0 native plugins for Editor in 0.00 ms.
Mono: successfully reloaded assembly
- Completed reload, in  1.289 seconds
Platform modules already initialized, skipping
Refreshing native plugins compatible for Editor in 0.59 ms, found 1 plugins.
Preloading 0 native plugins for Editor in 0.00 ms.
Unloading 1391 Unused Serialized files (Serialized files now loaded: 0)
System memory in use before: 160.1 MB.
System memory in use after: 160.2 MB.

Unloading 6 unused Assets to reduce memory usage. Loaded Objects now: 1965.
Total: 5.434140 ms (FindLiveObjects: 0.499643 ms CreateObjectMapping: 0.254706 ms MarkObjects: 4.551429 ms  DeleteObjects: 0.126561 ms)

========================================================================
Received Prepare
Registering precompiled user dll's ...
Registered in 0.001369 seconds.
Begin MonoManager ReloadAssembly
Native extension for WindowsStandalone target not found
Native extension for OSXStandalone target not found
Native extension for WebGL target not found
Refreshing native plugins compatible for Editor in 0.60 ms, found 1 plugins.
Preloading 0 native plugins for Editor in 0.00 ms.
Mono: successfully reloaded assembly
- Completed reload, in  1.245 seconds
Platform modules already initialized, skipping
Refreshing native plugins compatible for Editor in 0.39 ms, found 1 plugins.
Preloading 0 native plugins for Editor in 0.00 ms.
Unloading 1391 Unused Serialized files (Serialized files now loaded: 0)
System memory in use before: 160.4 MB.
System memory in use after: 160.5 MB.

Unloading 6 unused Assets to reduce memory usage. Loaded Objects now: 1968.
Total: 1.850313 ms (FindLiveObjects: 0.181205 ms CreateObjectMapping: 0.051627 ms MarkObjects: 1.556851 ms  DeleteObjects: 0.059616 ms)

========================================================================
Received Import Request.
  Time since last request: 260.332720 seconds.
  path: Assets/Prefabs/Characters/TempEnemy.prefab
  artifactKey: Guid(92bb8cfef6bac7940981849cad831671) Importer(815301076,1909f56bfc062723c751e8b465ee728b)
Start importing Assets/Prefabs/Characters/TempEnemy.prefab using Guid(92bb8cfef6bac7940981849cad831671) Importer(815301076,1909f56bfc062723c751e8b465ee728b)  -> (artifact id: '50088a8cd02eeed6a87699fdac3f7bda') in 0.157614 seconds
  Import took 0.166346 seconds .

========================================================================
Received Import Request.
  Time since last request: 2.219766 seconds.
  path: Assets/Prefabs/Characters/TempEnemy.prefab
  artifactKey: Guid(92bb8cfef6bac7940981849cad831671) Importer(815301076,1909f56bfc062723c751e8b465ee728b)
Start importing Assets/Prefabs/Characters/TempEnemy.prefab using Guid(92bb8cfef6bac7940981849cad831671) Importer(815301076,1909f56bfc062723c751e8b465ee728b)  -> (artifact id: '357bf6e111a8b61b9800be06177e3958') in 0.165969 seconds
  Import took 0.177061 seconds .

========================================================================
Received Prepare
Registering precompiled user dll's ...
Registered in 0.000763 seconds.
Begin MonoManager ReloadAssembly
Native extension for WindowsStandalone target not found
Native extension for OSXStandalone target not found
Native extension for WebGL target not found
Refreshing native plugins compatible for Editor in 0.35 ms, found 1 plugins.
Preloading 0 native plugins for Editor in 0.00 ms.
Mono: successfully reloaded assembly
- Completed reload, in  1.412 seconds
Platform modules already initialized, skipping
Refreshing native plugins compatible for Editor in 0.36 ms, found 1 plugins.
Preloading 0 native plugins for Editor in 0.00 ms.
Unloading 1391 Unused Serialized files (Serialized files now loaded: 0)
System memory in use before: 160.8 MB.
System memory in use after: 160.9 MB.

Unloading 6 unused Assets to reduce memory usage. Loaded Objects now: 1972.
Total: 2.455832 ms (FindLiveObjects: 0.218918 ms CreateObjectMapping: 0.105686 ms MarkObjects: 2.057988 ms  DeleteObjects: 0.072227 ms)

========================================================================
Received Import Request.
  Time since last request: 54.911785 seconds.
  path: Assets/Prefabs/Characters/TempTurretBase.prefab
  artifactKey: Guid(8ab56423ca50ce84ba4013677406ead7) Importer(815301076,1909f56bfc062723c751e8b465ee728b)
Start importing Assets/Prefabs/Characters/TempTurretBase.prefab using Guid(8ab56423ca50ce84ba4013677406ead7) Importer(815301076,1909f56bfc062723c751e8b465ee728b)  -> (artifact id: 'c7f1b0d7f143c5307f5f88bf72db2fc3') in 0.085009 seconds
  Import took 0.088668 seconds .

========================================================================
Received Import Request.
  Time since last request: 0.402489 seconds.
  path: Assets/Prefabs/Characters/TempTurretBase.prefab
  artifactKey: Guid(8ab56423ca50ce84ba4013677406ead7) Importer(815301076,1909f56bfc062723c751e8b465ee728b)
Start importing Assets/Prefabs/Characters/TempTurretBase.prefab using Guid(8ab56423ca50ce84ba4013677406ead7) Importer(815301076,1909f56bfc062723c751e8b465ee728b)  -> (artifact id: '7bf0b7fa63062add31deba97b4e24bd6') in 0.116694 seconds
  Import took 0.126432 seconds .

========================================================================
Received Import Request.
  Time since last request: 2.356661 seconds.
  path: Assets/Prefabs/Characters/TempTurretBase.prefab
  artifactKey: Guid(8ab56423ca50ce84ba4013677406ead7) Importer(815301076,1909f56bfc062723c751e8b465ee728b)
Start importing Assets/Prefabs/Characters/TempTurretBase.prefab using Guid(8ab56423ca50ce84ba4013677406ead7) Importer(815301076,1909f56bfc062723c751e8b465ee728b)  -> (artifact id: '32074b44a0523999270d9af4175b6647') in 0.133585 seconds
  Import took 0.141161 seconds .

========================================================================
Received Import Request.
  Time since last request: 2.343316 seconds.
  path: Assets/Prefabs/Characters/TempTurretBase.prefab
  artifactKey: Guid(8ab56423ca50ce84ba4013677406ead7) Importer(815301076,1909f56bfc062723c751e8b465ee728b)
Start importing Assets/Prefabs/Characters/TempTurretBase.prefab using Guid(8ab56423ca50ce84ba4013677406ead7) Importer(815301076,1909f56bfc062723c751e8b465ee728b)  -> (artifact id: '4acb44cbe31172ac423a0be40ad86c2f') in 0.145995 seconds
  Import took 0.151969 seconds .

========================================================================
Received Import Request.
  Time since last request: 0.616559 seconds.
  path: Assets/Prefabs/Characters/TempTurretBase.prefab
  artifactKey: Guid(8ab56423ca50ce84ba4013677406ead7) Importer(815301076,1909f56bfc062723c751e8b465ee728b)
Start importing Assets/Prefabs/Characters/TempTurretBase.prefab using Guid(8ab56423ca50ce84ba4013677406ead7) Importer(815301076,1909f56bfc062723c751e8b465ee728b)  -> (artifact id: '387046b83d85a9a2c4397b43cb1a09d8') in 0.138262 seconds
  Import took 0.146439 seconds .

========================================================================
Received Prepare
Registering precompiled user dll's ...
Registered in 0.000974 seconds.
Begin MonoManager ReloadAssembly
Native extension for WindowsStandalone target not found
Native extension for OSXStandalone target not found
Native extension for WebGL target not found
Refreshing native plugins compatible for Editor in 0.37 ms, found 1 plugins.
Preloading 0 native plugins for Editor in 0.00 ms.
Mono: successfully reloaded assembly
- Completed reload, in  1.238 seconds
Platform modules already initialized, skipping
Refreshing native plugins compatible for Editor in 0.37 ms, found 1 plugins.
Preloading 0 native plugins for Editor in 0.00 ms.
Unloading 1391 Unused Serialized files (Serialized files now loaded: 0)
System memory in use before: 161.4 MB.
System memory in use after: 161.4 MB.

Unloading 8 unused Assets to reduce memory usage. Loaded Objects now: 1976.
Total: 2.371589 ms (FindLiveObjects: 0.230314 ms CreateObjectMapping: 0.105214 ms MarkObjects: 1.972355 ms  DeleteObjects: 0.062685 ms)

========================================================================
Received Prepare
Registering precompiled user dll's ...
Registered in 0.000819 seconds.
Begin MonoManager ReloadAssembly
Native extension for WindowsStandalone target not found
Native extension for OSXStandalone target not found
Native extension for WebGL target not found
Refreshing native plugins compatible for Editor in 0.40 ms, found 1 plugins.
Preloading 0 native plugins for Editor in 0.00 ms.
Mono: successfully reloaded assembly
- Completed reload, in  1.375 seconds
Platform modules already initialized, skipping
Refreshing native plugins compatible for Editor in 0.47 ms, found 1 plugins.
Preloading 0 native plugins for Editor in 0.00 ms.
Unloading 1391 Unused Serialized files (Serialized files now loaded: 0)
System memory in use before: 161.6 MB.
System memory in use after: 161.7 MB.

Unloading 6 unused Assets to reduce memory usage. Loaded Objects now: 1979.
Total: 2.411574 ms (FindLiveObjects: 0.238949 ms CreateObjectMapping: 0.080207 ms MarkObjects: 2.036741 ms  DeleteObjects: 0.054509 ms)

========================================================================
Received Prepare
Registering precompiled user dll's ...
Registered in 0.000667 seconds.
Begin MonoManager ReloadAssembly
Native extension for WindowsStandalone target not found
Native extension for OSXStandalone target not found
Native extension for WebGL target not found
Refreshing native plugins compatible for Editor in 0.48 ms, found 1 plugins.
Preloading 0 native plugins for Editor in 0.00 ms.
Mono: successfully reloaded assembly
- Completed reload, in  1.340 seconds
Platform modules already initialized, skipping
Refreshing native plugins compatible for Editor in 0.50 ms, found 1 plugins.
Preloading 0 native plugins for Editor in 0.00 ms.
Unloading 1391 Unused Serialized files (Serialized files now loaded: 0)
System memory in use before: 161.9 MB.
System memory in use after: 162.0 MB.

Unloading 6 unused Assets to reduce memory usage. Loaded Objects now: 1982.
Total: 2.440201 ms (FindLiveObjects: 0.217666 ms CreateObjectMapping: 0.104806 ms MarkObjects: 2.031938 ms  DeleteObjects: 0.084604 ms)

========================================================================
Received Import Request.
  Time since last request: 69.723009 seconds.
  path: Assets/Prefabs/Characters/TempPlayer.prefab
  artifactKey: Guid(e5316cc04ff7ee04899971448dae3611) Importer(815301076,1909f56bfc062723c751e8b465ee728b)
Start importing Assets/Prefabs/Characters/TempPlayer.prefab using Guid(e5316cc04ff7ee04899971448dae3611) Importer(815301076,1909f56bfc062723c751e8b465ee728b)  -> (artifact id: 'f617ac59dbc76f8707be978e46074c1e') in 0.099863 seconds
  Import took 0.105055 seconds .

========================================================================
Received Import Request.
  Time since last request: 30.327089 seconds.
  path: Assets/Prefabs/Characters/TempTurretBase.prefab
  artifactKey: Guid(8ab56423ca50ce84ba4013677406ead7) Importer(815301076,1909f56bfc062723c751e8b465ee728b)
Start importing Assets/Prefabs/Characters/TempTurretBase.prefab using Guid(8ab56423ca50ce84ba4013677406ead7) Importer(815301076,1909f56bfc062723c751e8b465ee728b)  -> (artifact id: 'f81d6ce0e0dfc6c87cc6c33f423d01b3') in 0.170631 seconds
  Import took 0.181646 seconds .

========================================================================
Received Prepare
Registering precompiled user dll's ...
Registered in 0.000768 seconds.
Begin MonoManager ReloadAssembly
Native extension for WindowsStandalone target not found
Native extension for OSXStandalone target not found
Native extension for WebGL target not found
Refreshing native plugins compatible for Editor in 1.24 ms, found 1 plugins.
Preloading 0 native plugins for Editor in 0.00 ms.
Mono: successfully reloaded assembly
- Completed reload, in  1.318 seconds
Platform modules already initialized, skipping
Refreshing native plugins compatible for Editor in 0.52 ms, found 1 plugins.
Preloading 0 native plugins for Editor in 0.00 ms.
Unloading 1391 Unused Serialized files (Serialized files now loaded: 0)
System memory in use before: 162.3 MB.
System memory in use after: 162.4 MB.

Unloading 8 unused Assets to reduce memory usage. Loaded Objects now: 1986.
Total: 2.878416 ms (FindLiveObjects: 0.304671 ms CreateObjectMapping: 0.237113 ms MarkObjects: 2.259710 ms  DeleteObjects: 0.075608 ms)

========================================================================
Received Prepare
Registering precompiled user dll's ...
Registered in 0.000966 seconds.
Begin MonoManager ReloadAssembly
Native extension for WindowsStandalone target not found
Native extension for OSXStandalone target not found
Native extension for WebGL target not found
Refreshing native plugins compatible for Editor in 0.38 ms, found 1 plugins.
Preloading 0 native plugins for Editor in 0.00 ms.
Mono: successfully reloaded assembly
- Completed reload, in  1.477 seconds
Platform modules already initialized, skipping
Refreshing native plugins compatible for Editor in 0.37 ms, found 1 plugins.
Preloading 0 native plugins for Editor in 0.00 ms.
Unloading 1391 Unused Serialized files (Serialized files now loaded: 0)
System memory in use before: 162.5 MB.
System memory in use after: 162.6 MB.

Unloading 6 unused Assets to reduce memory usage. Loaded Objects now: 1989.
Total: 2.529613 ms (FindLiveObjects: 0.236035 ms CreateObjectMapping: 0.094462 ms MarkObjects: 2.132074 ms  DeleteObjects: 0.066033 ms)

========================================================================
Received Prepare
Registering precompiled user dll's ...
Registered in 0.002815 seconds.
Begin MonoManager ReloadAssembly
Native extension for WindowsStandalone target not found
Native extension for OSXStandalone target not found
Native extension for WebGL target not found
Refreshing native plugins compatible for Editor in 0.67 ms, found 1 plugins.
Preloading 0 native plugins for Editor in 0.00 ms.
Mono: successfully reloaded assembly
- Completed reload, in  2.071 seconds
Platform modules already initialized, skipping
Refreshing native plugins compatible for Editor in 0.52 ms, found 1 plugins.
Preloading 0 native plugins for Editor in 0.00 ms.
Unloading 1391 Unused Serialized files (Serialized files now loaded: 0)
System memory in use before: 162.9 MB.
System memory in use after: 163.0 MB.

Unloading 6 unused Assets to reduce memory usage. Loaded Objects now: 1992.
Total: 4.727814 ms (FindLiveObjects: 0.311752 ms CreateObjectMapping: 0.138574 ms MarkObjects: 4.197883 ms  DeleteObjects: 0.077869 ms)

========================================================================
Received Prepare
Registering precompiled user dll's ...
Registered in 0.000763 seconds.
Begin MonoManager ReloadAssembly
Native extension for WindowsStandalone target not found
Native extension for OSXStandalone target not found
Native extension for WebGL target not found
Refreshing native plugins compatible for Editor in 0.43 ms, found 1 plugins.
Preloading 0 native plugins for Editor in 0.00 ms.
Mono: successfully reloaded assembly
- Completed reload, in  1.230 seconds
Platform modules already initialized, skipping
Refreshing native plugins compatible for Editor in 0.36 ms, found 1 plugins.
Preloading 0 native plugins for Editor in 0.00 ms.
Unloading 1391 Unused Serialized files (Serialized files now loaded: 0)
System memory in use before: 163.1 MB.
System memory in use after: 163.2 MB.

Unloading 6 unused Assets to reduce memory usage. Loaded Objects now: 1995.
Total: 2.371821 ms (FindLiveObjects: 0.221779 ms CreateObjectMapping: 0.100169 ms MarkObjects: 1.993031 ms  DeleteObjects: 0.055638 ms)

========================================================================
Received Prepare
Registering precompiled user dll's ...
Registered in 0.000657 seconds.
Begin MonoManager ReloadAssembly
Native extension for WindowsStandalone target not found
Native extension for OSXStandalone target not found
Native extension for WebGL target not found
Refreshing native plugins compatible for Editor in 0.42 ms, found 1 plugins.
Preloading 0 native plugins for Editor in 0.00 ms.
Mono: successfully reloaded assembly
- Completed reload, in  1.194 seconds
Platform modules already initialized, skipping
Refreshing native plugins compatible for Editor in 0.37 ms, found 1 plugins.
Preloading 0 native plugins for Editor in 0.00 ms.
Unloading 1391 Unused Serialized files (Serialized files now loaded: 0)
System memory in use before: 163.3 MB.
System memory in use after: 163.4 MB.

Unloading 6 unused Assets to reduce memory usage. Loaded Objects now: 1998.
Total: 2.540236 ms (FindLiveObjects: 0.275742 ms CreateObjectMapping: 0.126268 ms MarkObjects: 2.073289 ms  DeleteObjects: 0.063638 ms)

========================================================================
Received Prepare
Registering precompiled user dll's ...
Registered in 0.000743 seconds.
Begin MonoManager ReloadAssembly
Native extension for WindowsStandalone target not found
Native extension for OSXStandalone target not found
Native extension for WebGL target not found
Refreshing native plugins compatible for Editor in 0.37 ms, found 1 plugins.
Preloading 0 native plugins for Editor in 0.00 ms.
Mono: successfully reloaded assembly
- Completed reload, in  1.202 seconds
Platform modules already initialized, skipping
Refreshing native plugins compatible for Editor in 0.39 ms, found 1 plugins.
Preloading 0 native plugins for Editor in 0.00 ms.
Unloading 1391 Unused Serialized files (Serialized files now loaded: 0)
System memory in use before: 163.7 MB.
System memory in use after: 163.7 MB.

Unloading 6 unused Assets to reduce memory usage. Loaded Objects now: 2001.
Total: 2.466147 ms (FindLiveObjects: 0.260905 ms CreateObjectMapping: 0.107933 ms MarkObjects: 2.036634 ms  DeleteObjects: 0.059652 ms)

========================================================================
Received Prepare
Registering precompiled user dll's ...
Registered in 0.000778 seconds.
Begin MonoManager ReloadAssembly
Native extension for WindowsStandalone target not found
Native extension for OSXStandalone target not found
Native extension for WebGL target not found
Refreshing native plugins compatible for Editor in 0.75 ms, found 1 plugins.
Preloading 0 native plugins for Editor in 0.00 ms.
Mono: successfully reloaded assembly
- Completed reload, in  1.233 seconds
Platform modules already initialized, skipping
Refreshing native plugins compatible for Editor in 0.49 ms, found 1 plugins.
Preloading 0 native plugins for Editor in 0.00 ms.
Unloading 1391 Unused Serialized files (Serialized files now loaded: 0)
System memory in use before: 164.0 MB.
System memory in use after: 164.1 MB.

Unloading 6 unused Assets to reduce memory usage. Loaded Objects now: 2004.
Total: 2.916825 ms (FindLiveObjects: 0.231592 ms CreateObjectMapping: 0.174368 ms MarkObjects: 2.436001 ms  DeleteObjects: 0.073529 ms)

========================================================================
Received Prepare
Registering precompiled user dll's ...
Registered in 0.000693 seconds.
Begin MonoManager ReloadAssembly
Native extension for WindowsStandalone target not found
Native extension for OSXStandalone target not found
Native extension for WebGL target not found
Refreshing native plugins compatible for Editor in 0.38 ms, found 1 plugins.
Preloading 0 native plugins for Editor in 0.00 ms.
Mono: successfully reloaded assembly
- Completed reload, in  1.224 seconds
Platform modules already initialized, skipping
Refreshing native plugins compatible for Editor in 0.40 ms, found 1 plugins.
Preloading 0 native plugins for Editor in 0.00 ms.
Unloading 1391 Unused Serialized files (Serialized files now loaded: 0)
System memory in use before: 164.2 MB.
System memory in use after: 164.3 MB.

Unloading 6 unused Assets to reduce memory usage. Loaded Objects now: 2007.
Total: 2.052808 ms (FindLiveObjects: 0.193981 ms CreateObjectMapping: 0.072379 ms MarkObjects: 1.723591 ms  DeleteObjects: 0.061699 ms)

========================================================================
Received Import Request.
  Time since last request: 225.624752 seconds.
  path: Assets/Prefabs/Characters/TempEnemy.prefab
  artifactKey: Guid(92bb8cfef6bac7940981849cad831671) Importer(815301076,1909f56bfc062723c751e8b465ee728b)
Start importing Assets/Prefabs/Characters/TempEnemy.prefab using Guid(92bb8cfef6bac7940981849cad831671) Importer(815301076,1909f56bfc062723c751e8b465ee728b)  -> (artifact id: 'b361eb3e49eb156bc0308c93dd7637c0') in 0.168407 seconds
  Import took 0.175713 seconds .

========================================================================
Received Prepare
Registering precompiled user dll's ...
Registered in 0.000802 seconds.
Begin MonoManager ReloadAssembly
Native extension for WindowsStandalone target not found
Native extension for OSXStandalone target not found
Native extension for WebGL target not found
Refreshing native plugins compatible for Editor in 0.36 ms, found 1 plugins.
Preloading 0 native plugins for Editor in 0.00 ms.
Mono: successfully reloaded assembly
- Completed reload, in  1.207 seconds
Platform modules already initialized, skipping
Refreshing native plugins compatible for Editor in 0.36 ms, found 1 plugins.
Preloading 0 native plugins for Editor in 0.00 ms.
Unloading 1391 Unused Serialized files (Serialized files now loaded: 0)
System memory in use before: 164.7 MB.
System memory in use after: 164.7 MB.

Unloading 6 unused Assets to reduce memory usage. Loaded Objects now: 2011.
Total: 2.609414 ms (FindLiveObjects: 0.284544 ms CreateObjectMapping: 0.123226 ms MarkObjects: 2.134561 ms  DeleteObjects: 0.065793 ms)

========================================================================
Received Prepare
Registering precompiled user dll's ...
Registered in 0.001008 seconds.
Begin MonoManager ReloadAssembly
Native extension for WindowsStandalone target not found
Native extension for OSXStandalone target not found
Native extension for WebGL target not found
Refreshing native plugins compatible for Editor in 0.48 ms, found 1 plugins.
Preloading 0 native plugins for Editor in 0.00 ms.
Mono: successfully reloaded assembly
- Completed reload, in  1.887 seconds
Platform modules already initialized, skipping
Refreshing native plugins compatible for Editor in 0.92 ms, found 1 plugins.
Preloading 0 native plugins for Editor in 0.00 ms.
Unloading 1391 Unused Serialized files (Serialized files now loaded: 0)
System memory in use before: 164.8 MB.
System memory in use after: 164.9 MB.

Unloading 6 unused Assets to reduce memory usage. Loaded Objects now: 2014.
Total: 4.169664 ms (FindLiveObjects: 0.642525 ms CreateObjectMapping: 0.165057 ms MarkObjects: 3.192036 ms  DeleteObjects: 0.166715 ms)

========================================================================
Received Prepare
Registering precompiled user dll's ...
Registered in 0.001287 seconds.
Begin MonoManager ReloadAssembly
Native extension for WindowsStandalone target not found
Native extension for OSXStandalone target not found
Native extension for WebGL target not found
Refreshing native plugins compatible for Editor in 0.36 ms, found 1 plugins.
Preloading 0 native plugins for Editor in 0.00 ms.
Mono: successfully reloaded assembly
- Completed reload, in  1.206 seconds
Platform modules already initialized, skipping
Refreshing native plugins compatible for Editor in 0.41 ms, found 1 plugins.
Preloading 0 native plugins for Editor in 0.00 ms.
Unloading 1391 Unused Serialized files (Serialized files now loaded: 0)
System memory in use before: 165.1 MB.
System memory in use after: 165.2 MB.

Unloading 6 unused Assets to reduce memory usage. Loaded Objects now: 2017.
Total: 2.237805 ms (FindLiveObjects: 0.251721 ms CreateObjectMapping: 0.057081 ms MarkObjects: 1.865891 ms  DeleteObjects: 0.061761 ms)

========================================================================
Received Prepare
Registering precompiled user dll's ...
Registered in 0.000879 seconds.
Begin MonoManager ReloadAssembly
Native extension for WindowsStandalone target not found
Native extension for OSXStandalone target not found
Native extension for WebGL target not found
Refreshing native plugins compatible for Editor in 0.40 ms, found 1 plugins.
Preloading 0 native plugins for Editor in 0.00 ms.
Mono: successfully reloaded assembly
- Completed reload, in  1.303 seconds
Platform modules already initialized, skipping
Refreshing native plugins compatible for Editor in 0.79 ms, found 1 plugins.
Preloading 0 native plugins for Editor in 0.00 ms.
Unloading 1391 Unused Serialized files (Serialized files now loaded: 0)
System memory in use before: 165.4 MB.
System memory in use after: 165.5 MB.

Unloading 6 unused Assets to reduce memory usage. Loaded Objects now: 2020.
Total: 3.142464 ms (FindLiveObjects: 0.436449 ms CreateObjectMapping: 0.152376 ms MarkObjects: 2.475689 ms  DeleteObjects: 0.074999 ms)

========================================================================
Received Import Request.
  Time since last request: 113.510515 seconds.
  path: Assets/Prefabs/Characters/TempTurretBase.prefab
  artifactKey: Guid(8ab56423ca50ce84ba4013677406ead7) Importer(815301076,1909f56bfc062723c751e8b465ee728b)
Start importing Assets/Prefabs/Characters/TempTurretBase.prefab using Guid(8ab56423ca50ce84ba4013677406ead7) Importer(815301076,1909f56bfc062723c751e8b465ee728b)  -> (artifact id: '0bfddcccc5edb820a08806e28263d141') in 0.151609 seconds
  Import took 0.160587 seconds .

========================================================================
Received Prepare
Registering precompiled user dll's ...
Registered in 0.000728 seconds.
Begin MonoManager ReloadAssembly
Native extension for WindowsStandalone target not found
Native extension for OSXStandalone target not found
Native extension for WebGL target not found
Refreshing native plugins compatible for Editor in 0.42 ms, found 1 plugins.
Preloading 0 native plugins for Editor in 0.00 ms.
Mono: successfully reloaded assembly
- Completed reload, in  1.239 seconds
Platform modules already initialized, skipping
Refreshing native plugins compatible for Editor in 0.39 ms, found 1 plugins.
Preloading 0 native plugins for Editor in 0.00 ms.
Unloading 1391 Unused Serialized files (Serialized files now loaded: 0)
System memory in use before: 165.8 MB.
System memory in use after: 165.9 MB.

Unloading 8 unused Assets to reduce memory usage. Loaded Objects now: 2024.
Total: 2.632275 ms (FindLiveObjects: 0.272392 ms CreateObjectMapping: 0.126233 ms MarkObjects: 2.163755 ms  DeleteObjects: 0.068587 ms)

========================================================================
Received Import Request.
  Time since last request: 19.616575 seconds.
  path: Assets/Prefabs/Characters/TempPlayer.prefab
  artifactKey: Guid(e5316cc04ff7ee04899971448dae3611) Importer(815301076,1909f56bfc062723c751e8b465ee728b)
Start importing Assets/Prefabs/Characters/TempPlayer.prefab using Guid(e5316cc04ff7ee04899971448dae3611) Importer(815301076,1909f56bfc062723c751e8b465ee728b)  -> (artifact id: 'fe8e3f5e6d7133a3493eff4f9951cfa8') in 0.164992 seconds
  Import took 0.176764 seconds .

========================================================================
Received Prepare
Registering precompiled user dll's ...
Registered in 0.000722 seconds.
Begin MonoManager ReloadAssembly
Native extension for WindowsStandalone target not found
Native extension for OSXStandalone target not found
Native extension for WebGL target not found
Refreshing native plugins compatible for Editor in 0.97 ms, found 1 plugins.
Preloading 0 native plugins for Editor in 0.00 ms.
Mono: successfully reloaded assembly
- Completed reload, in  1.274 seconds
Platform modules already initialized, skipping
Refreshing native plugins compatible for Editor in 0.48 ms, found 1 plugins.
Preloading 0 native plugins for Editor in 0.00 ms.
Unloading 1391 Unused Serialized files (Serialized files now loaded: 0)
System memory in use before: 166.1 MB.
System memory in use after: 166.2 MB.

Unloading 6 unused Assets to reduce memory usage. Loaded Objects now: 2028.
Total: 2.273315 ms (FindLiveObjects: 0.233242 ms CreateObjectMapping: 0.119138 ms MarkObjects: 1.859641 ms  DeleteObjects: 0.060218 ms)

========================================================================
Received Prepare
Registering precompiled user dll's ...
Registered in 0.000802 seconds.
Begin MonoManager ReloadAssembly
Native extension for WindowsStandalone target not found
Native extension for OSXStandalone target not found
Native extension for WebGL target not found
Refreshing native plugins compatible for Editor in 0.37 ms, found 1 plugins.
Preloading 0 native plugins for Editor in 0.00 ms.
Mono: successfully reloaded assembly
- Completed reload, in  1.286 seconds
Platform modules already initialized, skipping
Refreshing native plugins compatible for Editor in 0.39 ms, found 1 plugins.
Preloading 0 native plugins for Editor in 0.00 ms.
Unloading 1391 Unused Serialized files (Serialized files now loaded: 0)
System memory in use before: 166.4 MB.
System memory in use after: 166.5 MB.

Unloading 6 unused Assets to reduce memory usage. Loaded Objects now: 2031.
Total: 2.088463 ms (FindLiveObjects: 0.175589 ms CreateObjectMapping: 0.054405 ms MarkObjects: 1.801498 ms  DeleteObjects: 0.056034 ms)

========================================================================
Received Prepare
Registering precompiled user dll's ...
Registered in 0.000850 seconds.
Begin MonoManager ReloadAssembly
Native extension for WindowsStandalone target not found
Native extension for OSXStandalone target not found
Native extension for WebGL target not found
Refreshing native plugins compatible for Editor in 0.36 ms, found 1 plugins.
Preloading 0 native plugins for Editor in 0.00 ms.
Mono: successfully reloaded assembly
- Completed reload, in  1.355 seconds
Platform modules already initialized, skipping
Refreshing native plugins compatible for Editor in 0.39 ms, found 1 plugins.
Preloading 0 native plugins for Editor in 0.00 ms.
Unloading 1391 Unused Serialized files (Serialized files now loaded: 0)
System memory in use before: 166.7 MB.
System memory in use after: 166.7 MB.

Unloading 6 unused Assets to reduce memory usage. Loaded Objects now: 2034.
Total: 4.614524 ms (FindLiveObjects: 0.287828 ms CreateObjectMapping: 0.188525 ms MarkObjects: 3.956928 ms  DeleteObjects: 0.179703 ms)

========================================================================
Received Prepare
Registering precompiled user dll's ...
Registered in 0.000718 seconds.
Begin MonoManager ReloadAssembly
Native extension for WindowsStandalone target not found
Native extension for OSXStandalone target not found
Native extension for WebGL target not found
Refreshing native plugins compatible for Editor in 0.48 ms, found 1 plugins.
Preloading 0 native plugins for Editor in 0.00 ms.
Mono: successfully reloaded assembly
- Completed reload, in  1.360 seconds
Platform modules already initialized, skipping
Refreshing native plugins compatible for Editor in 0.41 ms, found 1 plugins.
Preloading 0 native plugins for Editor in 0.00 ms.
Unloading 1391 Unused Serialized files (Serialized files now loaded: 0)
System memory in use before: 166.9 MB.
System memory in use after: 167.0 MB.

Unloading 6 unused Assets to reduce memory usage. Loaded Objects now: 2037.
Total: 2.302519 ms (FindLiveObjects: 0.272060 ms CreateObjectMapping: 0.060863 ms MarkObjects: 1.900270 ms  DeleteObjects: 0.067809 ms)

========================================================================
Received Import Request.
  Time since last request: 373.031772 seconds.
  path: Assets/Scripts
  artifactKey: Guid(007353e5e86c1ed439d04d8600737df6) Importer(815301076,1909f56bfc062723c751e8b465ee728b)
Start importing Assets/Scripts using Guid(007353e5e86c1ed439d04d8600737df6) Importer(815301076,1909f56bfc062723c751e8b465ee728b)  -> (artifact id: '10d37804bc382d59a91fe178f3ee0733') in 0.006072 seconds
  Import took 0.009683 seconds .

========================================================================
Received Import Request.
  Time since last request: 0.602166 seconds.
  path: Assets/Scripts/GameController.cs
  artifactKey: Guid(6674e8e45553c4d518e4389faee11cc3) Importer(815301076,1909f56bfc062723c751e8b465ee728b)
Start importing Assets/Scripts/GameController.cs using Guid(6674e8e45553c4d518e4389faee11cc3) Importer(815301076,1909f56bfc062723c751e8b465ee728b)  -> (artifact id: '74edb945528f91b1d51a386fc1a37b92') in 0.458935 seconds
  Import took 0.463254 seconds .

========================================================================
Received Import Request.
  Time since last request: 0.468250 seconds.
  path: Assets/Prefabs/Projectiles/Bullet.prefab
  artifactKey: Guid(cdd702c92e0ae244d845a4f1ebacb58a) Importer(815301076,1909f56bfc062723c751e8b465ee728b)
Start importing Assets/Prefabs/Projectiles/Bullet.prefab using Guid(cdd702c92e0ae244d845a4f1ebacb58a) Importer(815301076,1909f56bfc062723c751e8b465ee728b)  -> (artifact id: '51f1a3428bb456c7d4554a1ac202adea') in 0.069699 seconds
  Import took 0.073207 seconds .

========================================================================
Received Import Request.
  Time since last request: 0.000263 seconds.
  path: Assets/Prefabs/Projectiles/Laser.prefab
  artifactKey: Guid(4d20af9b17b03a544b2a282742bf5da5) Importer(815301076,1909f56bfc062723c751e8b465ee728b)
Start importing Assets/Prefabs/Projectiles/Laser.prefab using Guid(4d20af9b17b03a544b2a282742bf5da5) Importer(815301076,1909f56bfc062723c751e8b465ee728b)  -> (artifact id: '0d785b41ff47003d106eb647498f5ad7') in 0.003608 seconds
  Import took 0.005822 seconds .

========================================================================
Received Import Request.
  Time since last request: 0.000216 seconds.
  path: Assets/Prefabs/Projectiles/GrenadeReticle.prefab
  artifactKey: Guid(c08e002746ba6f447a0e3707dd6451e5) Importer(815301076,1909f56bfc062723c751e8b465ee728b)
Start importing Assets/Prefabs/Projectiles/GrenadeReticle.prefab using Guid(c08e002746ba6f447a0e3707dd6451e5) Importer(815301076,1909f56bfc062723c751e8b465ee728b)  -> (artifact id: 'ce461b79c9c7995999d4c04cce914dc1') in 0.056148 seconds
  Import took 0.064068 seconds .

========================================================================
Received Import Request.
  Time since last request: 0.000420 seconds.
  path: Assets/Prefabs/Projectiles/Grenade.prefab
  artifactKey: Guid(4d2fd1f9ffa845b4aa41485019481206) Importer(815301076,1909f56bfc062723c751e8b465ee728b)
Start importing Assets/Prefabs/Projectiles/Grenade.prefab using Guid(4d2fd1f9ffa845b4aa41485019481206) Importer(815301076,1909f56bfc062723c751e8b465ee728b)  -> (artifact id: 'cdd989e55a72e754924929d464332b95') in 0.057614 seconds
  Import took 0.062154 seconds .

========================================================================
Received Import Request.
  Time since last request: 0.275675 seconds.
  path: Assets/Prefabs/GameController.prefab
  artifactKey: Guid(d58a18bfb8c814dc893403ef41126b00) Importer(815301076,1909f56bfc062723c751e8b465ee728b)
Start importing Assets/Prefabs/GameController.prefab using Guid(d58a18bfb8c814dc893403ef41126b00) Importer(815301076,1909f56bfc062723c751e8b465ee728b)  -> (artifact id: 'd7103b8d857011da1731da243fcd7ca7') in 0.012790 seconds
  Import took 0.017477 seconds .

========================================================================
Received Prepare
Registering precompiled user dll's ...
Registered in 0.000708 seconds.
Begin MonoManager ReloadAssembly
Native extension for WindowsStandalone target not found
Native extension for OSXStandalone target not found
Native extension for WebGL target not found
Refreshing native plugins compatible for Editor in 0.40 ms, found 1 plugins.
Preloading 0 native plugins for Editor in 0.00 ms.
Mono: successfully reloaded assembly
- Completed reload, in  1.318 seconds
Platform modules already initialized, skipping
Refreshing native plugins compatible for Editor in 0.40 ms, found 1 plugins.
Preloading 0 native plugins for Editor in 0.00 ms.
Unloading 1391 Unused Serialized files (Serialized files now loaded: 0)
System memory in use before: 171.6 MB.
System memory in use after: 171.7 MB.

Unloading 7 unused Assets to reduce memory usage. Loaded Objects now: 2041.
Total: 2.551747 ms (FindLiveObjects: 0.276133 ms CreateObjectMapping: 0.110614 ms MarkObjects: 2.082796 ms  DeleteObjects: 0.081165 ms)

========================================================================
Received Prepare
Registering precompiled user dll's ...
Registered in 0.000885 seconds.
Begin MonoManager ReloadAssembly
Native extension for WindowsStandalone target not found
Native extension for OSXStandalone target not found
Native extension for WebGL target not found
Refreshing native plugins compatible for Editor in 0.38 ms, found 1 plugins.
Preloading 0 native plugins for Editor in 0.00 ms.
Mono: successfully reloaded assembly
- Completed reload, in  1.264 seconds
Platform modules already initialized, skipping
Refreshing native plugins compatible for Editor in 0.49 ms, found 1 plugins.
Preloading 0 native plugins for Editor in 0.00 ms.
Unloading 1391 Unused Serialized files (Serialized files now loaded: 0)
System memory in use before: 171.9 MB.
System memory in use after: 172.0 MB.

Unloading 6 unused Assets to reduce memory usage. Loaded Objects now: 2044.
Total: 3.215771 ms (FindLiveObjects: 0.740692 ms CreateObjectMapping: 0.173157 ms MarkObjects: 2.218229 ms  DeleteObjects: 0.081890 ms)

========================================================================
Received Import Request.
  Time since last request: 39.722552 seconds.
  path: Assets/Prefabs/Characters/TempTurretBase.prefab
  artifactKey: Guid(8ab56423ca50ce84ba4013677406ead7) Importer(815301076,1909f56bfc062723c751e8b465ee728b)
Start importing Assets/Prefabs/Characters/TempTurretBase.prefab using Guid(8ab56423ca50ce84ba4013677406ead7) Importer(815301076,1909f56bfc062723c751e8b465ee728b)  -> (artifact id: 'fa51abc25a7a0d8880c28e19c4a7dc6d') in 0.160900 seconds
  Import took 0.171522 seconds .

========================================================================
Received Import Request.
  Time since last request: 0.935408 seconds.
  path: Assets/Prefabs/Characters/TempTurretBase.prefab
  artifactKey: Guid(8ab56423ca50ce84ba4013677406ead7) Importer(815301076,1909f56bfc062723c751e8b465ee728b)
Start importing Assets/Prefabs/Characters/TempTurretBase.prefab using Guid(8ab56423ca50ce84ba4013677406ead7) Importer(815301076,1909f56bfc062723c751e8b465ee728b)  -> (artifact id: '4aad34252978b578131cffb48dcef39b') in 0.139242 seconds
  Import took 0.149281 seconds .

========================================================================
Received Import Request.
  Time since last request: 0.475859 seconds.
  path: Assets/Prefabs/Characters/TempTurretBase.prefab
  artifactKey: Guid(8ab56423ca50ce84ba4013677406ead7) Importer(815301076,1909f56bfc062723c751e8b465ee728b)
Start importing Assets/Prefabs/Characters/TempTurretBase.prefab using Guid(8ab56423ca50ce84ba4013677406ead7) Importer(815301076,1909f56bfc062723c751e8b465ee728b)  -> (artifact id: 'ebf6bfc710a0ba01263bac46fe140b63') in 0.130470 seconds
  Import took 0.138112 seconds .

========================================================================
Received Prepare
Registering precompiled user dll's ...
Registered in 0.001476 seconds.
Begin MonoManager ReloadAssembly
Native extension for WindowsStandalone target not found
Native extension for OSXStandalone target not found
Native extension for WebGL target not found
Refreshing native plugins compatible for Editor in 0.39 ms, found 1 plugins.
Preloading 0 native plugins for Editor in 0.00 ms.
Mono: successfully reloaded assembly
- Completed reload, in  1.208 seconds
Platform modules already initialized, skipping
Refreshing native plugins compatible for Editor in 0.38 ms, found 1 plugins.
Preloading 0 native plugins for Editor in 0.00 ms.
Unloading 1391 Unused Serialized files (Serialized files now loaded: 0)
System memory in use before: 172.4 MB.
System memory in use after: 172.5 MB.

Unloading 8 unused Assets to reduce memory usage. Loaded Objects now: 2048.
Total: 2.418813 ms (FindLiveObjects: 0.228877 ms CreateObjectMapping: 0.105667 ms MarkObjects: 2.010176 ms  DeleteObjects: 0.073103 ms)

========================================================================
Received Import Request.
  Time since last request: 25.939403 seconds.
  path: Assets/Prefabs/Characters/TempTurretBase.prefab
  artifactKey: Guid(8ab56423ca50ce84ba4013677406ead7) Importer(815301076,1909f56bfc062723c751e8b465ee728b)
Start importing Assets/Prefabs/Characters/TempTurretBase.prefab using Guid(8ab56423ca50ce84ba4013677406ead7) Importer(815301076,1909f56bfc062723c751e8b465ee728b)  -> (artifact id: '4b366742239b7a605678b1b505367920') in 0.143446 seconds
  Import took 0.154736 seconds .

========================================================================
Received Import Request.
  Time since last request: 2.533110 seconds.
  path: Assets/Prefabs/Characters/TempTurretBase.prefab
  artifactKey: Guid(8ab56423ca50ce84ba4013677406ead7) Importer(815301076,1909f56bfc062723c751e8b465ee728b)
Start importing Assets/Prefabs/Characters/TempTurretBase.prefab using Guid(8ab56423ca50ce84ba4013677406ead7) Importer(815301076,1909f56bfc062723c751e8b465ee728b)  -> (artifact id: '682d8618f93ffd3463360435da0c5778') in 0.129104 seconds
  Import took 0.136630 seconds .

========================================================================
Received Prepare
Registering precompiled user dll's ...
Registered in 0.000671 seconds.
Begin MonoManager ReloadAssembly
Native extension for WindowsStandalone target not found
Native extension for OSXStandalone target not found
Native extension for WebGL target not found
Refreshing native plugins compatible for Editor in 0.39 ms, found 1 plugins.
Preloading 0 native plugins for Editor in 0.00 ms.
Mono: successfully reloaded assembly
- Completed reload, in  1.273 seconds
Platform modules already initialized, skipping
Refreshing native plugins compatible for Editor in 0.41 ms, found 1 plugins.
Preloading 0 native plugins for Editor in 0.00 ms.
Unloading 1391 Unused Serialized files (Serialized files now loaded: 0)
System memory in use before: 172.8 MB.
System memory in use after: 172.8 MB.

Unloading 8 unused Assets to reduce memory usage. Loaded Objects now: 2052.
Total: 2.991372 ms (FindLiveObjects: 0.273149 ms CreateObjectMapping: 0.132376 ms MarkObjects: 2.501686 ms  DeleteObjects: 0.082891 ms)

========================================================================
Received Import Request.
  Time since last request: 50.704557 seconds.
  path: Assets/Prefabs/Materials/TempFloorColor.mat
  artifactKey: Guid(46b749910832fd94da653610d1a29c41) Importer(815301076,1909f56bfc062723c751e8b465ee728b)
Start importing Assets/Prefabs/Materials/TempFloorColor.mat using Guid(46b749910832fd94da653610d1a29c41) Importer(815301076,1909f56bfc062723c751e8b465ee728b)  -> (artifact id: '469686b2ec26a1469525588994bc2851') in 0.419930 seconds
  Import took 0.423653 seconds .

========================================================================
Received Import Request.
  Time since last request: 5.429083 seconds.
  path: Assets/Prefabs/Projectiles
  artifactKey: Guid(a6664b081380b0b4593bc02ba2645ffc) Importer(815301076,1909f56bfc062723c751e8b465ee728b)
Start importing Assets/Prefabs/Projectiles using Guid(a6664b081380b0b4593bc02ba2645ffc) Importer(815301076,1909f56bfc062723c751e8b465ee728b)  -> (artifact id: '09373d7c1de381106c58ebdefad6f3bd') in 0.001374 seconds
  Import took 0.004683 seconds .

========================================================================
Received Import Request.
  Time since last request: 14.339176 seconds.
  path: Assets/Plugins/QuickOutline/Scripts
  artifactKey: Guid(3ddbd65d69a9f0b48bab4fe96a1fe099) Importer(815301076,1909f56bfc062723c751e8b465ee728b)
Start importing Assets/Plugins/QuickOutline/Scripts using Guid(3ddbd65d69a9f0b48bab4fe96a1fe099) Importer(815301076,1909f56bfc062723c751e8b465ee728b)  -> (artifact id: '27a2b29b5ad2bf38d14317f7a23216fa') in 0.001309 seconds
  Import took 0.004582 seconds .

========================================================================
Received Prepare
Registering precompiled user dll's ...
Registered in 0.000930 seconds.
Begin MonoManager ReloadAssembly
Native extension for WindowsStandalone target not found
Native extension for OSXStandalone target not found
Native extension for WebGL target not found
Refreshing native plugins compatible for Editor in 0.36 ms, found 1 plugins.
Preloading 0 native plugins for Editor in 0.00 ms.
Mono: successfully reloaded assembly
- Completed reload, in  1.424 seconds
Platform modules already initialized, skipping
Refreshing native plugins compatible for Editor in 0.46 ms, found 1 plugins.
Preloading 0 native plugins for Editor in 0.00 ms.
Unloading 1391 Unused Serialized files (Serialized files now loaded: 0)
System memory in use before: 173.5 MB.
System memory in use after: 173.6 MB.

Unloading 6 unused Assets to reduce memory usage. Loaded Objects now: 2057.
Total: 2.302565 ms (FindLiveObjects: 0.215700 ms CreateObjectMapping: 0.096353 ms MarkObjects: 1.920155 ms  DeleteObjects: 0.069182 ms)

========================================================================
Received Prepare
Registering precompiled user dll's ...
Registered in 0.000798 seconds.
Begin MonoManager ReloadAssembly
Native extension for WindowsStandalone target not found
Native extension for OSXStandalone target not found
Native extension for WebGL target not found
Refreshing native plugins compatible for Editor in 0.35 ms, found 1 plugins.
Preloading 0 native plugins for Editor in 0.00 ms.
Mono: successfully reloaded assembly
- Completed reload, in  1.273 seconds
Platform modules already initialized, skipping
Refreshing native plugins compatible for Editor in 0.38 ms, found 1 plugins.
Preloading 0 native plugins for Editor in 0.00 ms.
Unloading 1391 Unused Serialized files (Serialized files now loaded: 0)
System memory in use before: 173.8 MB.
System memory in use after: 173.9 MB.

Unloading 6 unused Assets to reduce memory usage. Loaded Objects now: 2060.
Total: 2.499784 ms (FindLiveObjects: 0.286054 ms CreateObjectMapping: 0.075537 ms MarkObjects: 2.030056 ms  DeleteObjects: 0.106897 ms)

========================================================================
Received Prepare
Registering precompiled user dll's ...
Registered in 0.001003 seconds.
Begin MonoManager ReloadAssembly
Native extension for WindowsStandalone target not found
Native extension for OSXStandalone target not found
Native extension for WebGL target not found
Refreshing native plugins compatible for Editor in 0.56 ms, found 1 plugins.
Preloading 0 native plugins for Editor in 0.00 ms.
Mono: successfully reloaded assembly
- Completed reload, in  1.314 seconds
Platform modules already initialized, skipping
Refreshing native plugins compatible for Editor in 0.38 ms, found 1 plugins.
Preloading 0 native plugins for Editor in 0.00 ms.
Unloading 1391 Unused Serialized files (Serialized files now loaded: 0)
System memory in use before: 174.1 MB.
System memory in use after: 174.2 MB.

Unloading 6 unused Assets to reduce memory usage. Loaded Objects now: 2063.
Total: 2.862440 ms (FindLiveObjects: 0.249256 ms CreateObjectMapping: 0.136074 ms MarkObjects: 2.365016 ms  DeleteObjects: 0.110856 ms)

========================================================================
Received Prepare
Registering precompiled user dll's ...
Registered in 0.001431 seconds.
Begin MonoManager ReloadAssembly
Native extension for WindowsStandalone target not found
Native extension for OSXStandalone target not found
Native extension for WebGL target not found
Refreshing native plugins compatible for Editor in 0.36 ms, found 1 plugins.
Preloading 0 native plugins for Editor in 0.00 ms.
Mono: successfully reloaded assembly
- Completed reload, in  1.266 seconds
Platform modules already initialized, skipping
Refreshing native plugins compatible for Editor in 0.40 ms, found 1 plugins.
Preloading 0 native plugins for Editor in 0.00 ms.
Unloading 1391 Unused Serialized files (Serialized files now loaded: 0)
System memory in use before: 174.4 MB.
System memory in use after: 174.5 MB.

Unloading 6 unused Assets to reduce memory usage. Loaded Objects now: 2066.
Total: 2.024751 ms (FindLiveObjects: 0.196142 ms CreateObjectMapping: 0.052401 ms MarkObjects: 1.710388 ms  DeleteObjects: 0.064573 ms)

========================================================================
Received Prepare
Registering precompiled user dll's ...
Registered in 0.000715 seconds.
Begin MonoManager ReloadAssembly
Native extension for WindowsStandalone target not found
Native extension for OSXStandalone target not found
Native extension for WebGL target not found
Refreshing native plugins compatible for Editor in 0.37 ms, found 1 plugins.
Preloading 0 native plugins for Editor in 0.00 ms.
Mono: successfully reloaded assembly
- Completed reload, in  1.285 seconds
Platform modules already initialized, skipping
Refreshing native plugins compatible for Editor in 0.42 ms, found 1 plugins.
Preloading 0 native plugins for Editor in 0.00 ms.
Unloading 1391 Unused Serialized files (Serialized files now loaded: 0)
System memory in use before: 174.6 MB.
System memory in use after: 174.6 MB.

Unloading 6 unused Assets to reduce memory usage. Loaded Objects now: 2069.
Total: 2.690711 ms (FindLiveObjects: 0.257058 ms CreateObjectMapping: 0.111387 ms MarkObjects: 2.241332 ms  DeleteObjects: 0.079920 ms)

========================================================================
Received Prepare
Registering precompiled user dll's ...
Registered in 0.001044 seconds.
Begin MonoManager ReloadAssembly
Native extension for WindowsStandalone target not found
Native extension for OSXStandalone target not found
Native extension for WebGL target not found
Refreshing native plugins compatible for Editor in 0.34 ms, found 1 plugins.
Preloading 0 native plugins for Editor in 0.00 ms.
Mono: successfully reloaded assembly
- Completed reload, in  1.304 seconds
Platform modules already initialized, skipping
Refreshing native plugins compatible for Editor in 0.38 ms, found 1 plugins.
Preloading 0 native plugins for Editor in 0.00 ms.
Unloading 1391 Unused Serialized files (Serialized files now loaded: 0)
System memory in use before: 174.9 MB.
System memory in use after: 174.9 MB.

Unloading 6 unused Assets to reduce memory usage. Loaded Objects now: 2072.
Total: 2.421416 ms (FindLiveObjects: 0.235348 ms CreateObjectMapping: 0.106209 ms MarkObjects: 2.011141 ms  DeleteObjects: 0.067777 ms)

========================================================================
Received Prepare
Registering precompiled user dll's ...
Registered in 0.000636 seconds.
Begin MonoManager ReloadAssembly
Native extension for WindowsStandalone target not found
Native extension for OSXStandalone target not found
Native extension for WebGL target not found
Refreshing native plugins compatible for Editor in 0.41 ms, found 1 plugins.
Preloading 0 native plugins for Editor in 0.00 ms.
Mono: successfully reloaded assembly
- Completed reload, in  1.335 seconds
Platform modules already initialized, skipping
Refreshing native plugins compatible for Editor in 0.40 ms, found 1 plugins.
Preloading 0 native plugins for Editor in 0.00 ms.
Unloading 1391 Unused Serialized files (Serialized files now loaded: 0)
System memory in use before: 175.1 MB.
System memory in use after: 175.2 MB.

Unloading 6 unused Assets to reduce memory usage. Loaded Objects now: 2075.
Total: 2.951130 ms (FindLiveObjects: 0.383617 ms CreateObjectMapping: 0.162738 ms MarkObjects: 2.318820 ms  DeleteObjects: 0.084682 ms)

========================================================================
Received Prepare
Registering precompiled user dll's ...
Registered in 0.000952 seconds.
Begin MonoManager ReloadAssembly
Native extension for WindowsStandalone target not found
Native extension for OSXStandalone target not found
Native extension for WebGL target not found
Refreshing native plugins compatible for Editor in 0.38 ms, found 1 plugins.
Preloading 0 native plugins for Editor in 0.00 ms.
Mono: successfully reloaded assembly
- Completed reload, in  1.241 seconds
Platform modules already initialized, skipping
Refreshing native plugins compatible for Editor in 0.40 ms, found 1 plugins.
Preloading 0 native plugins for Editor in 0.00 ms.
Unloading 1391 Unused Serialized files (Serialized files now loaded: 0)
System memory in use before: 175.5 MB.
System memory in use after: 175.6 MB.

Unloading 6 unused Assets to reduce memory usage. Loaded Objects now: 2078.
Total: 2.296140 ms (FindLiveObjects: 0.217925 ms CreateObjectMapping: 0.078246 ms MarkObjects: 1.931607 ms  DeleteObjects: 0.067362 ms)

========================================================================
Received Import Request.
  Time since last request: 930.231912 seconds.
  path: Assets/Prefabs/Characters/TempTurretBase.prefab
  artifactKey: Guid(8ab56423ca50ce84ba4013677406ead7) Importer(815301076,1909f56bfc062723c751e8b465ee728b)
Start importing Assets/Prefabs/Characters/TempTurretBase.prefab using Guid(8ab56423ca50ce84ba4013677406ead7) Importer(815301076,1909f56bfc062723c751e8b465ee728b)  -> (artifact id: '0ea0025aeea12c098841d950e36b5198') in 0.099695 seconds
  Import took 0.104437 seconds .

